{"/Users/andrewli/Desktop/Rithm/Sprints/express-jobly/app.js": {"path":"/Users/andrewli/Desktop/Rithm/Sprints/express-jobly/app.js","statementMap":{"0":{"start":{"line":2,"column":16},"end":{"line":2,"column":34}},"1":{"start":{"line":3,"column":21},"end":{"line":3,"column":54}},"2":{"start":{"line":4,"column":15},"end":{"line":4,"column":32}},"3":{"start":{"line":5,"column":12},"end":{"line":5,"column":21}},"4":{"start":{"line":7,"column":0},"end":{"line":7,"column":24}},"5":{"start":{"line":8,"column":0},"end":{"line":8,"column":46}},"6":{"start":{"line":11,"column":0},"end":{"line":11,"column":24}},"7":{"start":{"line":14,"column":24},"end":{"line":14,"column":53}},"8":{"start":{"line":15,"column":0},"end":{"line":15,"column":39}},"9":{"start":{"line":20,"column":0},"end":{"line":25,"column":3}},"10":{"start":{"line":21,"column":14},"end":{"line":21,"column":48}},"11":{"start":{"line":24,"column":2},"end":{"line":24,"column":19}},"12":{"start":{"line":29,"column":0},"end":{"line":37,"column":3}},"13":{"start":{"line":30,"column":2},"end":{"line":30,"column":32}},"14":{"start":{"line":31,"column":2},"end":{"line":31,"column":27}},"15":{"start":{"line":33,"column":2},"end":{"line":36,"column":5}},"16":{"start":{"line":39,"column":0},"end":{"line":39,"column":21}}},"fnMap":{"0":{"name":"(anonymous_0)","decl":{"start":{"line":20,"column":8},"end":{"line":20,"column":9}},"loc":{"start":{"line":20,"column":33},"end":{"line":25,"column":1}},"line":20},"1":{"name":"(anonymous_1)","decl":{"start":{"line":29,"column":8},"end":{"line":29,"column":9}},"loc":{"start":{"line":29,"column":38},"end":{"line":37,"column":1}},"line":29}},"branchMap":{"0":{"loc":{"start":{"line":30,"column":13},"end":{"line":30,"column":30}},"type":"binary-expr","locations":[{"start":{"line":30,"column":13},"end":{"line":30,"column":23}},{"start":{"line":30,"column":27},"end":{"line":30,"column":30}}],"line":30}},"s":{"0":2,"1":2,"2":2,"3":2,"4":2,"5":2,"6":2,"7":2,"8":2,"9":2,"10":0,"11":0,"12":2,"13":5,"14":5,"15":5,"16":2},"f":{"0":0,"1":5},"b":{"0":[5,0]},"_coverageSchema":"43e27e138ebf9cfc5966b082cf9a028302ed4184","hash":"81a8f7189dcc1090b02a32d2bb1b9f3fad8a6f65"}
,"/Users/andrewli/Desktop/Rithm/Sprints/express-jobly/config.js": {"path":"/Users/andrewli/Desktop/Rithm/Sprints/express-jobly/config.js","statementMap":{"0":{"start":{"line":3,"column":0},"end":{"line":3,"column":27}},"1":{"start":{"line":5,"column":19},"end":{"line":5,"column":51}},"2":{"start":{"line":7,"column":13},"end":{"line":7,"column":38}},"3":{"start":{"line":17,"column":0},"end":{"line":21,"column":1}},"4":{"start":{"line":18,"column":2},"end":{"line":18,"column":24}},"5":{"start":{"line":20,"column":2},"end":{"line":20,"column":47}},"6":{"start":{"line":23,"column":0},"end":{"line":27,"column":2}}},"fnMap":{},"branchMap":{"0":{"loc":{"start":{"line":5,"column":19},"end":{"line":5,"column":51}},"type":"binary-expr","locations":[{"start":{"line":5,"column":19},"end":{"line":5,"column":41}},{"start":{"line":5,"column":45},"end":{"line":5,"column":51}}],"line":5},"1":{"loc":{"start":{"line":7,"column":13},"end":{"line":7,"column":38}},"type":"binary-expr","locations":[{"start":{"line":7,"column":13},"end":{"line":7,"column":30}},{"start":{"line":7,"column":34},"end":{"line":7,"column":38}}],"line":7},"2":{"loc":{"start":{"line":17,"column":0},"end":{"line":21,"column":1}},"type":"if","locations":[{"start":{"line":17,"column":0},"end":{"line":21,"column":1}},{"start":{"line":17,"column":0},"end":{"line":21,"column":1}}],"line":17},"3":{"loc":{"start":{"line":20,"column":11},"end":{"line":20,"column":46}},"type":"binary-expr","locations":[{"start":{"line":20,"column":11},"end":{"line":20,"column":35}},{"start":{"line":20,"column":39},"end":{"line":20,"column":46}}],"line":20}},"s":{"0":2,"1":2,"2":2,"3":2,"4":2,"5":0,"6":2},"f":{},"b":{"0":[2,0],"1":[2,2],"2":[2,0],"3":[0,0]},"_coverageSchema":"43e27e138ebf9cfc5966b082cf9a028302ed4184","hash":"b5f5088419d13151c9f1e3c181ffdc228768d481"}
,"/Users/andrewli/Desktop/Rithm/Sprints/express-jobly/db.js": {"path":"/Users/andrewli/Desktop/Rithm/Sprints/express-jobly/db.js","statementMap":{"0":{"start":{"line":3,"column":19},"end":{"line":3,"column":32}},"1":{"start":{"line":4,"column":19},"end":{"line":4,"column":38}},"2":{"start":{"line":6,"column":11},"end":{"line":8,"column":2}},"3":{"start":{"line":10,"column":0},"end":{"line":10,"column":13}},"4":{"start":{"line":12,"column":0},"end":{"line":12,"column":20}}},"fnMap":{},"branchMap":{},"s":{"0":2,"1":2,"2":2,"3":2,"4":2},"f":{},"b":{},"_coverageSchema":"43e27e138ebf9cfc5966b082cf9a028302ed4184","hash":"e25f88d0d97445559cc165736f9b30b16ea9339e"}
,"/Users/andrewli/Desktop/Rithm/Sprints/express-jobly/helpers/expressError.js": {"path":"/Users/andrewli/Desktop/Rithm/Sprints/express-jobly/helpers/expressError.js","statementMap":{"0":{"start":{"line":11,"column":4},"end":{"line":11,"column":12}},"1":{"start":{"line":12,"column":4},"end":{"line":12,"column":27}},"2":{"start":{"line":13,"column":4},"end":{"line":13,"column":25}},"3":{"start":{"line":14,"column":4},"end":{"line":14,"column":30}},"4":{"start":{"line":18,"column":0},"end":{"line":18,"column":30}}},"fnMap":{"0":{"name":"(anonymous_0)","decl":{"start":{"line":10,"column":2},"end":{"line":10,"column":3}},"loc":{"start":{"line":10,"column":31},"end":{"line":15,"column":3}},"line":10}},"branchMap":{},"s":{"0":5,"1":5,"2":5,"3":5,"4":2},"f":{"0":5},"b":{},"_coverageSchema":"43e27e138ebf9cfc5966b082cf9a028302ed4184","hash":"0596986900c7fe7d9a0e78f7d81b956735c35e78"}
,"/Users/andrewli/Desktop/Rithm/Sprints/express-jobly/helpers/partialUpdate.js": {"path":"/Users/andrewli/Desktop/Rithm/Sprints/express-jobly/helpers/partialUpdate.js","statementMap":{"0":{"start":{"line":23,"column":12},"end":{"line":23,"column":13}},"1":{"start":{"line":24,"column":16},"end":{"line":24,"column":18}},"2":{"start":{"line":27,"column":2},"end":{"line":31,"column":3}},"3":{"start":{"line":28,"column":4},"end":{"line":30,"column":5}},"4":{"start":{"line":29,"column":6},"end":{"line":29,"column":24}},"5":{"start":{"line":33,"column":2},"end":{"line":36,"column":3}},"6":{"start":{"line":34,"column":4},"end":{"line":34,"column":38}},"7":{"start":{"line":35,"column":4},"end":{"line":35,"column":13}},"8":{"start":{"line":39,"column":13},"end":{"line":39,"column":31}},"9":{"start":{"line":40,"column":14},"end":{"line":40,"column":76}},"10":{"start":{"line":42,"column":15},"end":{"line":42,"column":35}},"11":{"start":{"line":43,"column":2},"end":{"line":43,"column":18}},"12":{"start":{"line":45,"column":2},"end":{"line":45,"column":27}},"13":{"start":{"line":48,"column":0},"end":{"line":48,"column":37}}},"fnMap":{"0":{"name":"sqlForPartialUpdate","decl":{"start":{"line":19,"column":9},"end":{"line":19,"column":28}},"loc":{"start":{"line":19,"column":52},"end":{"line":46,"column":1}},"line":19}},"branchMap":{"0":{"loc":{"start":{"line":28,"column":4},"end":{"line":30,"column":5}},"type":"if","locations":[{"start":{"line":28,"column":4},"end":{"line":30,"column":5}},{"start":{"line":28,"column":4},"end":{"line":30,"column":5}}],"line":28}},"s":{"0":6,"1":6,"2":6,"3":10,"4":0,"5":6,"6":10,"7":10,"8":6,"9":6,"10":6,"11":6,"12":6,"13":3},"f":{"0":6},"b":{"0":[0,10]},"_coverageSchema":"43e27e138ebf9cfc5966b082cf9a028302ed4184","hash":"4ff9b6b5ea84d82ea34baef67daab595c754ccaf"}
,"/Users/andrewli/Desktop/Rithm/Sprints/express-jobly/models/company.js": {"path":"/Users/andrewli/Desktop/Rithm/Sprints/express-jobly/models/company.js","statementMap":{"0":{"start":{"line":2,"column":11},"end":{"line":2,"column":27}},"1":{"start":{"line":3,"column":28},"end":{"line":3,"column":63}},"2":{"start":{"line":5,"column":25},"end":{"line":5,"column":33}},"3":{"start":{"line":15,"column":4},"end":{"line":17,"column":5}},"4":{"start":{"line":16,"column":6},"end":{"line":16,"column":72}},"5":{"start":{"line":19,"column":4},"end":{"line":33,"column":5}},"6":{"start":{"line":20,"column":22},"end":{"line":25,"column":7}},"7":{"start":{"line":27,"column":22},"end":{"line":32,"column":7}},"8":{"start":{"line":35,"column":4},"end":{"line":37,"column":5}},"9":{"start":{"line":36,"column":6},"end":{"line":36,"column":44}},"10":{"start":{"line":39,"column":4},"end":{"line":39,"column":26}},"11":{"start":{"line":48,"column":4},"end":{"line":58,"column":5}},"12":{"start":{"line":49,"column":20},"end":{"line":54,"column":7}},"13":{"start":{"line":55,"column":6},"end":{"line":55,"column":29}},"14":{"start":{"line":57,"column":6},"end":{"line":57,"column":60}},"15":{"start":{"line":67,"column":18},"end":{"line":72,"column":5}},"16":{"start":{"line":74,"column":4},"end":{"line":76,"column":5}},"17":{"start":{"line":75,"column":6},"end":{"line":75,"column":44}},"18":{"start":{"line":78,"column":4},"end":{"line":78,"column":27}},"19":{"start":{"line":88,"column":19},"end":{"line":88,"column":76}},"20":{"start":{"line":89,"column":18},"end":{"line":89,"column":65}},"21":{"start":{"line":91,"column":4},"end":{"line":93,"column":5}},"22":{"start":{"line":92,"column":6},"end":{"line":92,"column":44}},"23":{"start":{"line":95,"column":4},"end":{"line":95,"column":27}},"24":{"start":{"line":104,"column":17},"end":{"line":109,"column":5}},"25":{"start":{"line":111,"column":4},"end":{"line":113,"column":5}},"26":{"start":{"line":112,"column":6},"end":{"line":112,"column":44}},"27":{"start":{"line":115,"column":4},"end":{"line":115,"column":39}},"28":{"start":{"line":119,"column":0},"end":{"line":119,"column":25}}},"fnMap":{"0":{"name":"(anonymous_0)","decl":{"start":{"line":14,"column":2},"end":{"line":14,"column":3}},"loc":{"start":{"line":14,"column":83},"end":{"line":40,"column":3}},"line":14},"1":{"name":"(anonymous_1)","decl":{"start":{"line":47,"column":2},"end":{"line":47,"column":3}},"loc":{"start":{"line":47,"column":70},"end":{"line":59,"column":3}},"line":47},"2":{"name":"(anonymous_2)","decl":{"start":{"line":65,"column":2},"end":{"line":65,"column":3}},"loc":{"start":{"line":65,"column":27},"end":{"line":79,"column":3}},"line":65},"3":{"name":"(anonymous_3)","decl":{"start":{"line":87,"column":2},"end":{"line":87,"column":3}},"loc":{"start":{"line":87,"column":37},"end":{"line":96,"column":3}},"line":87},"4":{"name":"(anonymous_4)","decl":{"start":{"line":103,"column":2},"end":{"line":103,"column":3}},"loc":{"start":{"line":103,"column":29},"end":{"line":116,"column":3}},"line":103}},"branchMap":{"0":{"loc":{"start":{"line":14,"column":30},"end":{"line":14,"column":47}},"type":"default-arg","locations":[{"start":{"line":14,"column":46},"end":{"line":14,"column":47}}],"line":14},"1":{"loc":{"start":{"line":14,"column":49},"end":{"line":14,"column":81}},"type":"default-arg","locations":[{"start":{"line":14,"column":65},"end":{"line":14,"column":81}}],"line":14},"2":{"loc":{"start":{"line":15,"column":4},"end":{"line":17,"column":5}},"type":"if","locations":[{"start":{"line":15,"column":4},"end":{"line":17,"column":5}},{"start":{"line":15,"column":4},"end":{"line":17,"column":5}}],"line":15},"3":{"loc":{"start":{"line":19,"column":4},"end":{"line":33,"column":5}},"type":"if","locations":[{"start":{"line":19,"column":4},"end":{"line":33,"column":5}},{"start":{"line":19,"column":4},"end":{"line":33,"column":5}}],"line":19},"4":{"loc":{"start":{"line":35,"column":4},"end":{"line":37,"column":5}},"type":"if","locations":[{"start":{"line":35,"column":4},"end":{"line":37,"column":5}},{"start":{"line":35,"column":4},"end":{"line":37,"column":5}}],"line":35},"5":{"loc":{"start":{"line":74,"column":4},"end":{"line":76,"column":5}},"type":"if","locations":[{"start":{"line":74,"column":4},"end":{"line":76,"column":5}},{"start":{"line":74,"column":4},"end":{"line":76,"column":5}}],"line":74},"6":{"loc":{"start":{"line":91,"column":4},"end":{"line":93,"column":5}},"type":"if","locations":[{"start":{"line":91,"column":4},"end":{"line":93,"column":5}},{"start":{"line":91,"column":4},"end":{"line":93,"column":5}}],"line":91},"7":{"loc":{"start":{"line":111,"column":4},"end":{"line":113,"column":5}},"type":"if","locations":[{"start":{"line":111,"column":4},"end":{"line":113,"column":5}},{"start":{"line":111,"column":4},"end":{"line":113,"column":5}}],"line":111}},"s":{"0":2,"1":2,"2":2,"3":6,"4":2,"5":4,"6":2,"7":2,"8":4,"9":0,"10":4,"11":4,"12":4,"13":2,"14":2,"15":4,"16":4,"17":2,"18":2,"19":4,"20":4,"21":4,"22":2,"23":2,"24":4,"25":4,"26":2,"27":2,"28":2},"f":{"0":6,"1":4,"2":4,"3":4,"4":4},"b":{"0":[2],"1":[2],"2":[2,4],"3":[2,2],"4":[0,4],"5":[2,2],"6":[2,2],"7":[2,2]},"_coverageSchema":"43e27e138ebf9cfc5966b082cf9a028302ed4184","hash":"9d69142154547fada75f52aee5ec6ca333a3686c"}
,"/Users/andrewli/Desktop/Rithm/Sprints/express-jobly/routes/companies.js": {"path":"/Users/andrewli/Desktop/Rithm/Sprints/express-jobly/routes/companies.js","statementMap":{"0":{"start":{"line":1,"column":16},"end":{"line":1,"column":34}},"1":{"start":{"line":2,"column":12},"end":{"line":2,"column":21}},"2":{"start":{"line":3,"column":21},"end":{"line":3,"column":55}},"3":{"start":{"line":4,"column":15},"end":{"line":4,"column":31}},"4":{"start":{"line":5,"column":16},"end":{"line":5,"column":44}},"5":{"start":{"line":6,"column":19},"end":{"line":6,"column":40}},"6":{"start":{"line":7,"column":28},"end":{"line":7,"column":74}},"7":{"start":{"line":8,"column":28},"end":{"line":8,"column":74}},"8":{"start":{"line":11,"column":0},"end":{"line":11,"column":24}},"9":{"start":{"line":19,"column":0},"end":{"line":31,"column":3}},"10":{"start":{"line":20,"column":2},"end":{"line":30,"column":3}},"11":{"start":{"line":21,"column":17},"end":{"line":21,"column":33}},"12":{"start":{"line":22,"column":24},"end":{"line":22,"column":75}},"13":{"start":{"line":23,"column":24},"end":{"line":23,"column":75}},"14":{"start":{"line":25,"column":20},"end":{"line":25,"column":78}},"15":{"start":{"line":26,"column":4},"end":{"line":26,"column":35}},"16":{"start":{"line":28,"column":25},"end":{"line":28,"column":58}},"17":{"start":{"line":29,"column":4},"end":{"line":29,"column":25}},"18":{"start":{"line":38,"column":0},"end":{"line":56,"column":3}},"19":{"start":{"line":39,"column":2},"end":{"line":55,"column":3}},"20":{"start":{"line":40,"column":19},"end":{"line":40,"column":69}},"21":{"start":{"line":42,"column":4},"end":{"line":46,"column":5}},"22":{"start":{"line":43,"column":25},"end":{"line":43,"column":64}},"23":{"start":{"line":43,"column":52},"end":{"line":43,"column":63}},"24":{"start":{"line":44,"column":18},"end":{"line":44,"column":53}},"25":{"start":{"line":45,"column":6},"end":{"line":45,"column":25}},"26":{"start":{"line":48,"column":61},"end":{"line":48,"column":69}},"27":{"start":{"line":49,"column":18},"end":{"line":49,"column":86}},"28":{"start":{"line":51,"column":4},"end":{"line":51,"column":33}},"29":{"start":{"line":53,"column":25},"end":{"line":53,"column":59}},"30":{"start":{"line":54,"column":4},"end":{"line":54,"column":25}},"31":{"start":{"line":63,"column":0},"end":{"line":72,"column":3}},"32":{"start":{"line":64,"column":2},"end":{"line":71,"column":3}},"33":{"start":{"line":65,"column":4},"end":{"line":65,"column":31}},"34":{"start":{"line":66,"column":18},"end":{"line":66,"column":43}},"35":{"start":{"line":67,"column":4},"end":{"line":67,"column":33}},"36":{"start":{"line":69,"column":25},"end":{"line":69,"column":58}},"37":{"start":{"line":70,"column":4},"end":{"line":70,"column":25}},"38":{"start":{"line":80,"column":0},"end":{"line":97,"column":3}},"39":{"start":{"line":81,"column":2},"end":{"line":96,"column":3}},"40":{"start":{"line":82,"column":19},"end":{"line":82,"column":69}},"41":{"start":{"line":84,"column":4},"end":{"line":88,"column":5}},"42":{"start":{"line":85,"column":25},"end":{"line":85,"column":64}},"43":{"start":{"line":85,"column":52},"end":{"line":85,"column":63}},"44":{"start":{"line":86,"column":18},"end":{"line":86,"column":53}},"45":{"start":{"line":87,"column":6},"end":{"line":87,"column":25}},"46":{"start":{"line":90,"column":16},"end":{"line":90,"column":24}},"47":{"start":{"line":91,"column":18},"end":{"line":91,"column":64}},"48":{"start":{"line":92,"column":4},"end":{"line":92,"column":33}},"49":{"start":{"line":94,"column":25},"end":{"line":94,"column":58}},"50":{"start":{"line":95,"column":4},"end":{"line":95,"column":25}},"51":{"start":{"line":104,"column":0},"end":{"line":112,"column":3}},"52":{"start":{"line":105,"column":2},"end":{"line":111,"column":3}},"53":{"start":{"line":106,"column":17},"end":{"line":106,"column":56}},"54":{"start":{"line":107,"column":4},"end":{"line":107,"column":28}},"55":{"start":{"line":109,"column":25},"end":{"line":109,"column":59}},"56":{"start":{"line":110,"column":4},"end":{"line":110,"column":25}},"57":{"start":{"line":114,"column":0},"end":{"line":114,"column":24}}},"fnMap":{"0":{"name":"(anonymous_0)","decl":{"start":{"line":19,"column":16},"end":{"line":19,"column":17}},"loc":{"start":{"line":19,"column":48},"end":{"line":31,"column":1}},"line":19},"1":{"name":"(anonymous_1)","decl":{"start":{"line":38,"column":17},"end":{"line":38,"column":18}},"loc":{"start":{"line":38,"column":49},"end":{"line":56,"column":1}},"line":38},"2":{"name":"(anonymous_2)","decl":{"start":{"line":43,"column":43},"end":{"line":43,"column":44}},"loc":{"start":{"line":43,"column":52},"end":{"line":43,"column":63}},"line":43},"3":{"name":"(anonymous_3)","decl":{"start":{"line":63,"column":23},"end":{"line":63,"column":24}},"loc":{"start":{"line":63,"column":55},"end":{"line":72,"column":1}},"line":63},"4":{"name":"(anonymous_4)","decl":{"start":{"line":80,"column":25},"end":{"line":80,"column":26}},"loc":{"start":{"line":80,"column":57},"end":{"line":97,"column":1}},"line":80},"5":{"name":"(anonymous_5)","decl":{"start":{"line":85,"column":43},"end":{"line":85,"column":44}},"loc":{"start":{"line":85,"column":52},"end":{"line":85,"column":63}},"line":85},"6":{"name":"(anonymous_6)","decl":{"start":{"line":104,"column":26},"end":{"line":104,"column":27}},"loc":{"start":{"line":104,"column":58},"end":{"line":112,"column":1}},"line":104}},"branchMap":{"0":{"loc":{"start":{"line":22,"column":24},"end":{"line":22,"column":75}},"type":"binary-expr","locations":[{"start":{"line":22,"column":24},"end":{"line":22,"column":48}},{"start":{"line":22,"column":52},"end":{"line":22,"column":75}}],"line":22},"1":{"loc":{"start":{"line":23,"column":24},"end":{"line":23,"column":75}},"type":"binary-expr","locations":[{"start":{"line":23,"column":24},"end":{"line":23,"column":48}},{"start":{"line":23,"column":52},"end":{"line":23,"column":75}}],"line":23},"2":{"loc":{"start":{"line":42,"column":4},"end":{"line":46,"column":5}},"type":"if","locations":[{"start":{"line":42,"column":4},"end":{"line":46,"column":5}},{"start":{"line":42,"column":4},"end":{"line":46,"column":5}}],"line":42},"3":{"loc":{"start":{"line":84,"column":4},"end":{"line":88,"column":5}},"type":"if","locations":[{"start":{"line":84,"column":4},"end":{"line":88,"column":5}},{"start":{"line":84,"column":4},"end":{"line":88,"column":5}}],"line":84}},"s":{"0":2,"1":2,"2":2,"3":2,"4":2,"5":2,"6":2,"7":2,"8":2,"9":2,"10":3,"11":3,"12":3,"13":3,"14":3,"15":2,"16":1,"17":1,"18":2,"19":2,"20":2,"21":2,"22":0,"23":0,"24":0,"25":0,"26":2,"27":2,"28":1,"29":1,"30":1,"31":2,"32":2,"33":2,"34":2,"35":1,"36":1,"37":1,"38":2,"39":2,"40":2,"41":2,"42":0,"43":0,"44":0,"45":0,"46":2,"47":2,"48":1,"49":1,"50":1,"51":2,"52":2,"53":2,"54":1,"55":1,"56":1,"57":2},"f":{"0":3,"1":2,"2":0,"3":2,"4":2,"5":0,"6":2},"b":{"0":[3,1],"1":[3,1],"2":[0,2],"3":[0,2]},"_coverageSchema":"43e27e138ebf9cfc5966b082cf9a028302ed4184","hash":"0f3594ecc93dfa86f8b0f298c664b4ff8cfb673a"}
}
