TN:
SF:/Users/andrewli/Desktop/Rithm/Sprints/express-jobly/app.js
FN:20,(anonymous_0)
FN:29,(anonymous_1)
FNF:2
FNH:1
FNDA:0,(anonymous_0)
FNDA:5,(anonymous_1)
DA:2,2
DA:3,2
DA:4,2
DA:5,2
DA:7,2
DA:8,2
DA:11,2
DA:14,2
DA:15,2
DA:20,2
DA:21,0
DA:24,0
DA:29,2
DA:30,5
DA:31,5
DA:33,5
DA:39,2
LF:17
LH:15
BRDA:30,0,0,5
BRDA:30,0,1,0
BRF:2
BRH:1
end_of_record
TN:
SF:/Users/andrewli/Desktop/Rithm/Sprints/express-jobly/config.js
FNF:0
FNH:0
DA:3,2
DA:5,2
DA:7,2
DA:17,2
DA:18,2
DA:20,0
DA:23,2
LF:7
LH:6
BRDA:5,0,0,2
BRDA:5,0,1,0
BRDA:7,1,0,2
BRDA:7,1,1,2
BRDA:17,2,0,2
BRDA:17,2,1,0
BRDA:20,3,0,0
BRDA:20,3,1,0
BRF:8
BRH:4
end_of_record
TN:
SF:/Users/andrewli/Desktop/Rithm/Sprints/express-jobly/db.js
FNF:0
FNH:0
DA:3,2
DA:4,2
DA:6,2
DA:10,2
DA:12,2
LF:5
LH:5
BRF:0
BRH:0
end_of_record
TN:
SF:/Users/andrewli/Desktop/Rithm/Sprints/express-jobly/helpers/expressError.js
FN:10,(anonymous_0)
FNF:1
FNH:1
FNDA:5,(anonymous_0)
DA:11,5
DA:12,5
DA:13,5
DA:14,5
DA:18,2
LF:5
LH:5
BRF:0
BRH:0
end_of_record
TN:
SF:/Users/andrewli/Desktop/Rithm/Sprints/express-jobly/helpers/partialUpdate.js
FN:19,sqlForPartialUpdate
FNF:1
FNH:1
FNDA:6,sqlForPartialUpdate
DA:23,6
DA:24,6
DA:27,6
DA:28,10
DA:29,0
DA:33,6
DA:34,10
DA:35,10
DA:39,6
DA:40,6
DA:42,6
DA:43,6
DA:45,6
DA:48,3
LF:14
LH:13
BRDA:28,0,0,0
BRDA:28,0,1,10
BRF:2
BRH:1
end_of_record
TN:
SF:/Users/andrewli/Desktop/Rithm/Sprints/express-jobly/models/company.js
FN:14,(anonymous_0)
FN:47,(anonymous_1)
FN:65,(anonymous_2)
FN:87,(anonymous_3)
FN:103,(anonymous_4)
FNF:5
FNH:5
FNDA:6,(anonymous_0)
FNDA:4,(anonymous_1)
FNDA:4,(anonymous_2)
FNDA:4,(anonymous_3)
FNDA:4,(anonymous_4)
DA:2,2
DA:3,2
DA:5,2
DA:15,6
DA:16,2
DA:19,4
DA:20,2
DA:27,2
DA:35,4
DA:36,0
DA:39,4
DA:48,4
DA:49,4
DA:55,2
DA:57,2
DA:67,4
DA:74,4
DA:75,2
DA:78,2
DA:88,4
DA:89,4
DA:91,4
DA:92,2
DA:95,2
DA:104,4
DA:111,4
DA:112,2
DA:115,2
DA:119,2
LF:29
LH:28
BRDA:14,0,0,2
BRDA:14,1,0,2
BRDA:15,2,0,2
BRDA:15,2,1,4
BRDA:19,3,0,2
BRDA:19,3,1,2
BRDA:35,4,0,0
BRDA:35,4,1,4
BRDA:74,5,0,2
BRDA:74,5,1,2
BRDA:91,6,0,2
BRDA:91,6,1,2
BRDA:111,7,0,2
BRDA:111,7,1,2
BRF:14
BRH:13
end_of_record
TN:
SF:/Users/andrewli/Desktop/Rithm/Sprints/express-jobly/routes/companies.js
FN:19,(anonymous_0)
FN:38,(anonymous_1)
FN:43,(anonymous_2)
FN:63,(anonymous_3)
FN:80,(anonymous_4)
FN:85,(anonymous_5)
FN:104,(anonymous_6)
FNF:7
FNH:5
FNDA:3,(anonymous_0)
FNDA:2,(anonymous_1)
FNDA:0,(anonymous_2)
FNDA:2,(anonymous_3)
FNDA:2,(anonymous_4)
FNDA:0,(anonymous_5)
FNDA:2,(anonymous_6)
DA:1,2
DA:2,2
DA:3,2
DA:4,2
DA:5,2
DA:6,2
DA:7,2
DA:8,2
DA:11,2
DA:19,2
DA:20,3
DA:21,3
DA:22,3
DA:23,3
DA:25,3
DA:26,2
DA:28,1
DA:29,1
DA:38,2
DA:39,2
DA:40,2
DA:42,2
DA:43,0
DA:44,0
DA:45,0
DA:48,2
DA:49,2
DA:51,1
DA:53,1
DA:54,1
DA:63,2
DA:64,2
DA:65,2
DA:66,2
DA:67,1
DA:69,1
DA:70,1
DA:80,2
DA:81,2
DA:82,2
DA:84,2
DA:85,0
DA:86,0
DA:87,0
DA:90,2
DA:91,2
DA:92,1
DA:94,1
DA:95,1
DA:104,2
DA:105,2
DA:106,2
DA:107,1
DA:109,1
DA:110,1
DA:114,2
LF:56
LH:50
BRDA:22,0,0,3
BRDA:22,0,1,1
BRDA:23,1,0,3
BRDA:23,1,1,1
BRDA:42,2,0,0
BRDA:42,2,1,2
BRDA:84,3,0,0
BRDA:84,3,1,2
BRF:8
BRH:6
end_of_record
